c:\users\darwin\source\repos\km-darwin\km-darwin\x64\release\vc142.pdb
c:\users\darwin\source\repos\km-darwin\km-darwin\x64\release\event.obj
c:\users\darwin\source\repos\km-darwin\km-darwin\x64\release\main.obj
c:\users\darwin\source\repos\km-darwin\x64\release\km-darwin.sys
c:\users\darwin\source\repos\km-darwin\x64\release\km-darwin.pdb
c:\users\darwin\source\repos\km-darwin\km-darwin\x64\release\km-darwin.inf
c:\users\darwin\source\repos\km-darwin\x64\release\km-darwin.cer
c:\users\darwin\source\repos\km-darwin\x64\release\km-darwin.inf
c:\users\darwin\source\repos\km-darwin\km-darwin\x64\release\km-darwin.tlog\cl.command.1.tlog
c:\users\darwin\source\repos\km-darwin\km-darwin\x64\release\km-darwin.tlog\cl.read.1.tlog
c:\users\darwin\source\repos\km-darwin\km-darwin\x64\release\km-darwin.tlog\cl.write.1.tlog
c:\users\darwin\source\repos\km-darwin\km-darwin\x64\release\km-darwin.tlog\link.command.1.tlog
c:\users\darwin\source\repos\km-darwin\km-darwin\x64\release\km-darwin.tlog\link.read.1.tlog
c:\users\darwin\source\repos\km-darwin\km-darwin\x64\release\km-darwin.tlog\link.write.1.tlog
c:\users\darwin\source\repos\km-darwin\km-darwin\x64\release\km-darwin.tlog\signtool.command.1.tlog
c:\users\darwin\source\repos\km-darwin\km-darwin\x64\release\km-darwin.tlog\signtool.read.1.tlog
c:\users\darwin\source\repos\km-darwin\km-darwin\x64\release\km-darwin.tlog\signtool.timestamp.1.tlog
c:\users\darwin\source\repos\km-darwin\km-darwin\x64\release\km-darwin.tlog\signtool.write.1.tlog
c:\users\darwin\source\repos\km-darwin\km-darwin\x64\release\km-darwin.tlog\stampinf.command.1.tlog
c:\users\darwin\source\repos\km-darwin\km-darwin\x64\release\km-darwin.tlog\stampinf.read.1.tlog
c:\users\darwin\source\repos\km-darwin\km-darwin\x64\release\km-darwin.tlog\stampinf.write.1.tlog
